This is pdfTeX, Version 3.14159265-2.6-1.40.21 (MiKTeX 20.7) (preloaded format=pdflatex 2020.9.7)  12 DEC 2024 11:14
entering extended mode
**c:/Users/45212/Desktop/AskTheMask.github.io/pages/Mindstekravsopgaver/Mindstekravsopgaver.tex
(c:/Users/45212/Desktop/AskTheMask.github.io/pages/Mindstekravsopgaver/Mindstekravsopgaver.tex
LaTeX2e <2020-02-02> patch level 5
L3 programming layer <2020-09-03> (C:\Users\45212\Desktop\Mitex\tex/latex/base\article.cls
Document Class: article 2019/12/20 v1.4l Standard LaTeX document class
(C:\Users\45212\Desktop\Mitex\tex/latex/base\size10.clo
File: size10.clo 2019/12/20 v1.4l Standard LaTeX file (size option)
)
\c@part=\count168
\c@section=\count169
\c@subsection=\count170
\c@subsubsection=\count171
\c@paragraph=\count172
\c@subparagraph=\count173
\c@figure=\count174
\c@table=\count175
\abovecaptionskip=\skip47
\belowcaptionskip=\skip48
\bibindent=\dimen134
) (C:\Users\45212\Desktop\Mitex\tex/latex/parskip\parskip.sty
Package: parskip 2021-03-14 v2.0h non-zero parskip adjustments
 (C:\Users\45212\Desktop\Mitex\tex/latex/kvoptions\kvoptions.sty
Package: kvoptions 2020-10-07 v3.14 Key value format for package options (HO)
 (C:\Users\45212\Desktop\Mitex\tex/latex/graphics\keyval.sty
Package: keyval 2014/10/28 v1.15 key=value parser (DPC)
\KV@toks@=\toks15
) (C:\Users\45212\Desktop\Mitex\tex/generic/ltxcmds\ltxcmds.sty
Package: ltxcmds 2020-05-10 v1.25 LaTeX kernel commands for general use (HO)
) (C:\Users\45212\Desktop\Mitex\tex/generic/kvsetkeys\kvsetkeys.sty
Package: kvsetkeys 2019/12/15 v1.18 Key value parser (HO)
)) (C:\Users\45212\Desktop\Mitex\tex/latex/etoolbox\etoolbox.sty
Package: etoolbox 2020/08/24 v2.5j e-TeX tools for LaTeX (JAW)
\etb@tempcnta=\count176
)) (C:\Users\45212\Desktop\Mitex\tex/latex/caption\caption.sty
Package: caption 2020/10/26 v3.5g Customizing captions (AR)
 (C:\Users\45212\Desktop\Mitex\tex/latex/caption\caption3.sty
Package: caption3 2020/10/21 v2.2e caption3 kernel (AR)
\captionmargin=\dimen135
\captionmargin@=\dimen136
\captionwidth=\dimen137
\caption@tempdima=\dimen138
\caption@indent=\dimen139
\caption@parindent=\dimen140
\caption@hangindent=\dimen141
Package caption Info: Standard document class detected.
)
\c@caption@flags=\count177
\c@continuedfloat=\count178
) (C:\Users\45212\Desktop\Mitex\tex/latex/fancyhdr\fancyhdr.sty
Package: fancyhdr 2019/01/31 v3.10 Extensive control of page headers and footers
\f@nch@headwidth=\skip49
\f@nch@O@elh=\skip50
\f@nch@O@erh=\skip51
\f@nch@O@olh=\skip52
\f@nch@O@orh=\skip53
\f@nch@O@elf=\skip54
\f@nch@O@erf=\skip55
\f@nch@O@olf=\skip56
\f@nch@O@orf=\skip57
) (C:\Users\45212\Desktop\Mitex\tex/latex/amsmath\amsmath.sty
Package: amsmath 2020/01/20 v2.17e AMS math features
\@mathmargin=\skip58

For additional information on amsmath, use the `?' option.
(C:\Users\45212\Desktop\Mitex\tex/latex/amsmath\amstext.sty
Package: amstext 2000/06/29 v2.01 AMS text
 (C:\Users\45212\Desktop\Mitex\tex/latex/amsmath\amsgen.sty
File: amsgen.sty 1999/11/30 v2.0 generic functions
\@emptytoks=\toks16
\ex@=\dimen142
)) (C:\Users\45212\Desktop\Mitex\tex/latex/amsmath\amsbsy.sty
Package: amsbsy 1999/11/29 v1.2d Bold Symbols
\pmbraise@=\dimen143
) (C:\Users\45212\Desktop\Mitex\tex/latex/amsmath\amsopn.sty
Package: amsopn 2016/03/08 v2.02 operator names
)
\inf@bad=\count179
LaTeX Info: Redefining \frac on input line 227.
\uproot@=\count180
\leftroot@=\count181
LaTeX Info: Redefining \overline on input line 389.
\classnum@=\count182
\DOTSCASE@=\count183
LaTeX Info: Redefining \ldots on input line 486.
LaTeX Info: Redefining \dots on input line 489.
LaTeX Info: Redefining \cdots on input line 610.
\Mathstrutbox@=\box45
\strutbox@=\box46
\big@size=\dimen144
LaTeX Font Info:    Redeclaring font encoding OML on input line 733.
LaTeX Font Info:    Redeclaring font encoding OMS on input line 734.
\macc@depth=\count184
\c@MaxMatrixCols=\count185
\dotsspace@=\muskip16
\c@parentequation=\count186
\dspbrk@lvl=\count187
\tag@help=\toks17
\row@=\count188
\column@=\count189
\maxfields@=\count190
\andhelp@=\toks18
\eqnshift@=\dimen145
\alignsep@=\dimen146
\tagshift@=\dimen147
\tagwidth@=\dimen148
\totwidth@=\dimen149
\lineht@=\dimen150
\@envbody=\toks19
\multlinegap=\skip59
\multlinetaggap=\skip60
\mathdisplay@stack=\toks20
LaTeX Info: Redefining \[ on input line 2859.
LaTeX Info: Redefining \] on input line 2860.
) (C:\Users\45212\Desktop\Mitex\tex/latex/lastpage\lastpage.sty
Package: lastpage 2015/03/29 v1.2m Refers to last page's name (HMM; JPG)
) (C:\Users\45212\Desktop\Mitex\tex/latex/hyperref\hyperref.sty
Package: hyperref 2020-05-15 v7.00e Hypertext links for LaTeX
 (C:\Users\45212\Desktop\Mitex\tex/generic/iftex\iftex.sty
Package: iftex 2020/03/06 v1.0d TeX engine tests
) (C:\Users\45212\Desktop\Mitex\tex/generic/pdftexcmds\pdftexcmds.sty
Package: pdftexcmds 2020-06-27 v0.33 Utility functions of pdfTeX for LuaTeX (HO)
 (C:\Users\45212\Desktop\Mitex\tex/generic/infwarerr\infwarerr.sty
Package: infwarerr 2019/12/03 v1.5 Providing info/warning/error messages (HO)
)
Package pdftexcmds Info: \pdf@primitive is available.
Package pdftexcmds Info: \pdf@ifprimitive is available.
Package pdftexcmds Info: \pdfdraftmode found.
) (C:\Users\45212\Desktop\Mitex\tex/generic/kvdefinekeys\kvdefinekeys.sty
Package: kvdefinekeys 2019-12-19 v1.6 Define keys (HO)
) (C:\Users\45212\Desktop\Mitex\tex/generic/pdfescape\pdfescape.sty
Package: pdfescape 2019/12/09 v1.15 Implements pdfTeX's escape features (HO)
) (C:\Users\45212\Desktop\Mitex\tex/latex/hycolor\hycolor.sty
Package: hycolor 2020-01-27 v1.10 Color options for hyperref/bookmark (HO)
) (C:\Users\45212\Desktop\Mitex\tex/latex/letltxmacro\letltxmacro.sty
Package: letltxmacro 2019/12/03 v1.6 Let assignment for LaTeX macros (HO)
) (C:\Users\45212\Desktop\Mitex\tex/latex/auxhook\auxhook.sty
Package: auxhook 2019-12-17 v1.6 Hooks for auxiliary files (HO)
)
\@linkdim=\dimen151
\Hy@linkcounter=\count191
\Hy@pagecounter=\count192
 (C:\Users\45212\Desktop\Mitex\tex/latex/hyperref\pd1enc.def
File: pd1enc.def 2020-05-15 v7.00e Hyperref: PDFDocEncoding definition (HO)
Now handling font encoding PD1 ...
... no UTF-8 mapping file for font encoding PD1
) (C:\Users\45212\Desktop\Mitex\tex/generic/intcalc\intcalc.sty
Package: intcalc 2019/12/15 v1.3 Expandable calculations with integers (HO)
) (C:\Users\45212\Desktop\Mitex\tex/generic/etexcmds\etexcmds.sty
Package: etexcmds 2019/12/15 v1.7 Avoid name clashes with e-TeX commands (HO)
)
\Hy@SavedSpaceFactor=\count193
Package hyperref Info: Hyper figures OFF on input line 4464.
Package hyperref Info: Link nesting OFF on input line 4469.
Package hyperref Info: Hyper index ON on input line 4472.
Package hyperref Info: Plain pages OFF on input line 4479.
Package hyperref Info: Backreferencing OFF on input line 4484.
Package hyperref Info: Implicit mode ON; LaTeX internals redefined.
Package hyperref Info: Bookmarks ON on input line 4717.
\c@Hy@tempcnt=\count194
 (C:\Users\45212\Desktop\Mitex\tex/latex/url\url.sty
\Urlmuskip=\muskip17
Package: url 2013/09/16  ver 3.4  Verb mode for urls, etc.
)
LaTeX Info: Redefining \url on input line 5076.
\XeTeXLinkMargin=\dimen152
 (C:\Users\45212\Desktop\Mitex\tex/generic/bitset\bitset.sty
Package: bitset 2019/12/09 v1.3 Handle bit-vector datatype (HO)
 (C:\Users\45212\Desktop\Mitex\tex/generic/bigintcalc\bigintcalc.sty
Package: bigintcalc 2019/12/15 v1.5 Expandable calculations on big integers (HO)
))
\Fld@menulength=\count195
\Field@Width=\dimen153
\Fld@charsize=\dimen154
Package hyperref Info: Hyper figures OFF on input line 6347.
Package hyperref Info: Link nesting OFF on input line 6352.
Package hyperref Info: Hyper index ON on input line 6355.
Package hyperref Info: backreferencing OFF on input line 6362.
Package hyperref Info: Link coloring OFF on input line 6367.
Package hyperref Info: Link coloring with OCG OFF on input line 6372.
Package hyperref Info: PDF/A mode OFF on input line 6377.
LaTeX Info: Redefining \ref on input line 6417.
LaTeX Info: Redefining \pageref on input line 6421.
 (C:\Users\45212\Desktop\Mitex\tex/generic/atbegshi\atbegshi.sty
Package: atbegshi 2019/12/05 v1.19 At begin shipout hook (HO)
)
\Hy@abspage=\count196
\c@Item=\count197
\c@Hfootnote=\count198
)
Package hyperref Info: Driver (autodetected): hpdftex.
 (C:\Users\45212\Desktop\Mitex\tex/latex/hyperref\hpdftex.def
File: hpdftex.def 2020-05-15 v7.00e Hyperref driver for pdfTeX
 (C:\Users\45212\Desktop\Mitex\tex/latex/atveryend\atveryend.sty
Package: atveryend 2019-12-11 v1.11 Hooks at the very end of document (HO)
)
\Fld@listcount=\count199
\c@bookmark@seq@number=\count266
 (C:\Users\45212\Desktop\Mitex\tex/latex/rerunfilecheck\rerunfilecheck.sty
Package: rerunfilecheck 2022-07-10 v1.10 Rerun checks for auxiliary files (HO)
 (C:\Users\45212\Desktop\Mitex\tex/generic/uniquecounter\uniquecounter.sty
Package: uniquecounter 2019/12/15 v1.4 Provide unlimited unique counter (HO)
)
Package uniquecounter Info: New unique counter `rerunfilecheck' on input line 285.
)
\Hy@SectionHShift=\skip61
) (C:\Users\45212\Desktop\Mitex\tex/latex/graphics\graphicx.sty
Package: graphicx 2019/11/30 v1.2a Enhanced LaTeX Graphics (DPC,SPQR)
 (C:\Users\45212\Desktop\Mitex\tex/latex/graphics\graphics.sty
Package: graphics 2019/11/30 v1.4a Standard LaTeX Graphics (DPC,SPQR)
 (C:\Users\45212\Desktop\Mitex\tex/latex/graphics\trig.sty
Package: trig 2016/01/03 v1.10 sin cos tan (DPC)
) (C:\Users\45212\Desktop\Mitex\tex/latex/graphics-cfg\graphics.cfg
File: graphics.cfg 2016/06/04 v1.11 sample graphics configuration
)
Package graphics Info: Driver file: pdftex.def on input line 105.
 (C:\Users\45212\Desktop\Mitex\tex/latex/graphics-def\pdftex.def
File: pdftex.def 2020/08/26 v1.2 Graphics/color driver for pdftex
))
\Gin@req@height=\dimen155
\Gin@req@width=\dimen156
) (C:\Users\45212\Desktop\Mitex\tex/latex/geometry\geometry.sty
Package: geometry 2020/01/02 v5.9 Page Geometry
 (C:\Users\45212\Desktop\Mitex\tex/generic/iftex\ifvtex.sty
Package: ifvtex 2019/10/25 v1.7 ifvtex legacy package. Use iftex instead.
)
\Gm@cnth=\count267
\Gm@cntv=\count268
\c@Gm@tempcnt=\count269
\Gm@bindingoffset=\dimen157
\Gm@wd@mp=\dimen158
\Gm@odd@mp=\dimen159
\Gm@even@mp=\dimen160
\Gm@layoutwidth=\dimen161
\Gm@layoutheight=\dimen162
\Gm@layouthoffset=\dimen163
\Gm@layoutvoffset=\dimen164
\Gm@dimlist=\toks21
 (C:\Users\45212\Desktop\Mitex\tex/latex/geometry\geometry.cfg)) (C:\Users\45212\Desktop\Mitex\tex/latex/framed\framed.sty
Package: framed 2011/10/22 v 0.96: framed or shaded text with page breaks
\OuterFrameSep=\skip62
\fb@frw=\dimen165
\fb@frh=\dimen166
\FrameRule=\dimen167
\FrameSep=\dimen168
) (C:\Users\45212\Desktop\Mitex\tex/latex/ntheorem\ntheorem.sty
Style `ntheorem', Version 1.33 <2011/08/15>
Package: ntheorem 2011/08/15 1.33
(C:\Users\45212\Desktop\Mitex\tex/latex/base\ifthen.sty
Package: ifthen 2014/09/29 v1.1c Standard LaTeX ifthen package (DPC)
)
\theorem@style=\toks22
\theorem@@style=\toks23
\theorembodyfont=\toks24
\theoremnumbering=\toks25
\theorempreskipamount=\skip63
\theorempostskipamount=\skip64
\theoremframepreskipamount=\skip65
\theoremframepostskipamount=\skip66
\theoreminframepreskipamount=\skip67
\theoreminframepostskipamount=\skip68
\theorem@preskip=\toks26
\theorem@postskip=\toks27
\theorem@framepreskip=\toks28
\theorem@framepostskip=\toks29
\theorem@inframepreskip=\toks30
\theorem@inframepostskip=\toks31
\theoremindent=\dimen169
\theorem@indent=\dimen170
\theoremrightindent=\dimen171
\theorem@rightindent=\dimen172
\theoremheaderfont=\toks32
\theoremseparator=\toks33
\theoremprework=\toks34
\theorempostwork=\toks35
\theoremsymbol=\toks36
\qedsymbol=\toks37
\theoremkeyword=\toks38
\qedsymbol=\toks39
\thm@topsep=\skip69
\thm@topsepadd=\skip70
\shadecolor=\toks40
) (C:\Users\45212\Desktop\Mitex\tex/latex/theoremref\theoremref.sty
Package: theoremref 2013/05/22 References with automatic theorem names
\thmref@num=\count270
)
\c@frm-thm=\count271
\c@thm=\count272
 (C:\Users\45212\Desktop\Mitex\tex/latex/l3backend\l3backend-pdftex.def
File: l3backend-pdftex.def 2020-09-01 L3 backend support: PDF output (pdfTeX)
\l__kernel_color_stack_int=\count273
\l__pdf_internal_box=\box47
) (Mindstekravsopgaver.aux)
\openout1 = `Mindstekravsopgaver.aux'.

LaTeX Font Info:    Checking defaults for OML/cmm/m/it on input line 26.
LaTeX Font Info:    ... okay on input line 26.
LaTeX Font Info:    Checking defaults for OMS/cmsy/m/n on input line 26.
LaTeX Font Info:    ... okay on input line 26.
LaTeX Font Info:    Checking defaults for OT1/cmr/m/n on input line 26.
LaTeX Font Info:    ... okay on input line 26.
LaTeX Font Info:    Checking defaults for T1/cmr/m/n on input line 26.
LaTeX Font Info:    ... okay on input line 26.
LaTeX Font Info:    Checking defaults for TS1/cmr/m/n on input line 26.
LaTeX Font Info:    ... okay on input line 26.
LaTeX Font Info:    Checking defaults for OMX/cmex/m/n on input line 26.
LaTeX Font Info:    ... okay on input line 26.
LaTeX Font Info:    Checking defaults for U/cmr/m/n on input line 26.
LaTeX Font Info:    ... okay on input line 26.
LaTeX Font Info:    Checking defaults for PD1/pdf/m/n on input line 26.
LaTeX Font Info:    ... okay on input line 26.
Package caption Info: Begin \AtBeginDocument code.
Package caption Info: hyperref package is loaded.
Package caption Info: End \AtBeginDocument code.
Package lastpage Info: Please have a look at the pageslts package at
(lastpage)             https://www.ctan.org/pkg/pageslts
(lastpage)             ! on input line 26.
\AtBeginShipoutBox=\box48
Package hyperref Info: Link coloring OFF on input line 26.
 (C:\Users\45212\Desktop\Mitex\tex/latex/hyperref\nameref.sty
Package: nameref 2019/09/16 v2.46 Cross-referencing by name of section
 (C:\Users\45212\Desktop\Mitex\tex/latex/refcount\refcount.sty
Package: refcount 2019/12/15 v3.6 Data extraction from label references (HO)
) (C:\Users\45212\Desktop\Mitex\tex/generic/gettitlestring\gettitlestring.sty
Package: gettitlestring 2019/12/15 v1.6 Cleanup title references (HO)
)
\c@section@level=\count274
)
LaTeX Info: Redefining \ref on input line 26.
LaTeX Info: Redefining \pageref on input line 26.
LaTeX Info: Redefining \nameref on input line 26.
 (Mindstekravsopgaver.out) (Mindstekravsopgaver.out)
\@outlinefile=\write3
\openout3 = `Mindstekravsopgaver.out'.

 (C:\Users\45212\Desktop\Mitex\tex/context/base/mkii\supp-pdf.mkii
[Loading MPS to PDF converter (version 2006.09.02).]
\scratchcounter=\count275
\scratchdimen=\dimen173
\scratchbox=\box49
\nofMPsegments=\count276
\nofMParguments=\count277
\everyMPshowfont=\toks41
\MPscratchCnt=\count278
\MPscratchDim=\dimen174
\MPnumerator=\count279
\makeMPintoPDFobject=\count280
\everyMPtoPDFconversion=\toks42
) (C:\Users\45212\Desktop\Mitex\tex/latex/epstopdf-pkg\epstopdf-base.sty
Package: epstopdf-base 2020-01-24 v2.11 Base part for package epstopdf
Package epstopdf-base Info: Redefining graphics rule for `.eps' on input line 485.
)
*geometry* driver: auto-detecting
*geometry* detected driver: pdftex
*geometry* verbose mode - [ preamble ] result:
* driver: pdftex
* paper: <default>
* layout: <same size as paper>
* layoutoffset:(h,v)=(0.0pt,0.0pt)
* modes: includefoot 
* h-part:(L,W,R)=(65.04256pt, 484.20988pt, 65.04256pt)
* v-part:(T,H,B)=(72.26999pt, 657.65744pt, 65.04256pt)
* \paperwidth=614.295pt
* \paperheight=794.96999pt
* \textwidth=484.20988pt
* \textheight=627.65744pt
* \oddsidemargin=-7.22743pt
* \evensidemargin=-7.22743pt
* \topmargin=-37.0pt
* \headheight=12.0pt
* \headsep=25.0pt
* \topskip=10.0pt
* \footskip=30.0pt
* \marginparwidth=65.0pt
* \marginparsep=11.0pt
* \columnsep=10.0pt
* \skip\footins=9.0pt plus 4.0pt minus 2.0pt
* \hoffset=0.0pt
* \voffset=0.0pt
* \mag=1000
* \@twocolumnfalse
* \@twosidefalse
* \@mparswitchfalse
* \@reversemarginfalse
* (1in=72.27pt=25.4mm, 1cm=28.453pt)

(Mindstekravsopgaver.toc)
\tf@toc=\write4
\openout4 = `Mindstekravsopgaver.toc'.

 [1

{C:/Users/45212/AppData/Local/MiKTeX/pdftex/config/pdftex.map}] (Opgave_1-10/Opgave_1/Opgave_1.tex
Underfull \hbox (badness 10000) in paragraph at lines 3--4

 []


Underfull \hbox (badness 10000) in paragraph at lines 8--10

 []


Underfull \hbox (badness 10000) in paragraph at lines 8--10

 []

) [2] (Opgave_1-10/Opgave_2/Opgave_2.tex
Underfull \hbox (badness 10000) in paragraph at lines 10--12

 []


Underfull \hbox (badness 10000) in paragraph at lines 10--12

 []

) [3] (Opgave_1-10/Opgave_3/Opgave_3.tex
Underfull \hbox (badness 10000) in paragraph at lines 3--4

 []


Underfull \hbox (badness 10000) in paragraph at lines 3--4

 []

) [4] (Opgave_1-10/Opgave_4/Opgave_4.tex
Underfull \hbox (badness 10000) in paragraph at lines 3--4

 []


Underfull \hbox (badness 10000) in paragraph at lines 3--4

 []

) [5] (Opgave_1-10/Opgave_5/Opgave_5.tex) [6] (Opgave_1-10/Opgave_6/Opgave_6.tex) [7] (Opgave_1-10/Opgave_7/Opgave_7.tex
Underfull \hbox (badness 10000) in paragraph at lines 3--4

 []


Underfull \hbox (badness 10000) in paragraph at lines 3--4

 []

) [8] (Opgave_1-10/Opgave_8/Opgave_8.tex
Underfull \hbox (badness 10000) in paragraph at lines 3--4

 []


Underfull \hbox (badness 10000) in paragraph at lines 3--4

 []

) [9] (Opgave_1-10/Opgave_9/Opgave_9.tex
Underfull \hbox (badness 10000) in paragraph at lines 3--4

 []


Underfull \hbox (badness 10000) in paragraph at lines 3--4

 []

) [10] (Opgave_1-10/Opgave_10/Opgave_10.tex
Underfull \hbox (badness 10000) in paragraph at lines 3--4

 []


Underfull \hbox (badness 10000) in paragraph at lines 3--4

 []

) (Opgave_11-20/Opgave_11/Opgave_11.tex
<Opgave_11-20/Opgave_11/Opgave_11.jpg, id=183, 311.36325pt x 159.59625pt>
File: Opgave_11-20/Opgave_11/Opgave_11.jpg Graphic file (type jpg)
<use Opgave_11-20/Opgave_11/Opgave_11.jpg>
Package pdftex.def Info: Opgave_11-20/Opgave_11/Opgave_11.jpg  used on input line 3.
(pdftex.def)             Requested size: 284.52756pt x 145.8489pt.

Underfull \hbox (badness 10000) in paragraph at lines 2--4

 []


Underfull \hbox (badness 10000) in paragraph at lines 5--7

 []


Underfull \hbox (badness 10000) in paragraph at lines 5--7

 []


Underfull \hbox (badness 10000) in paragraph at lines 5--7

 []

[11 <./Opgave_11-20/Opgave_11/Opgave_11.jpg>]) [12] (Opgave_11-20/Opgave_12/Opgave_12.tex
<Opgave_11-20/Opgave_12/Opgave_12.jpg, id=198, 377.61075pt x 202.95825pt>
File: Opgave_11-20/Opgave_12/Opgave_12.jpg Graphic file (type jpg)
<use Opgave_11-20/Opgave_12/Opgave_12.jpg>
Package pdftex.def Info: Opgave_11-20/Opgave_12/Opgave_12.jpg  used on input line 3.
(pdftex.def)             Requested size: 284.52756pt x 152.93369pt.

Underfull \hbox (badness 10000) in paragraph at lines 2--5

 []


Underfull \hbox (badness 10000) in paragraph at lines 2--5

 []


Underfull \hbox (badness 10000) in paragraph at lines 2--5

 []


Underfull \hbox (badness 10000) in paragraph at lines 2--5

 []


Underfull \hbox (badness 10000) in paragraph at lines 6--7

 []


Underfull \hbox (badness 10000) in paragraph at lines 6--7

 []


Underfull \hbox (badness 10000) in paragraph at lines 8--9

 []


Underfull \hbox (badness 10000) in paragraph at lines 8--9

 []

)
Overfull \hbox (7.53166pt too wide) in paragraph at lines 11--67
\OT1/cmr/m/n/10 Da trekan-terne er ensvin-klede kan vi altsa bestemme sidelngdernes strrelsesforhold. Hvis vi ser pa sidelngderne
 []

[13 <./Opgave_11-20/Opgave_12/Opgave_12.jpg>] (Opgave_11-20/Opgave_13/Opgave_13.tex
<Opgave_11-20/Opgave_13/Opgave_13.jpg, id=206, 308.95425pt x 172.2435pt>
File: Opgave_11-20/Opgave_13/Opgave_13.jpg Graphic file (type jpg)
<use Opgave_11-20/Opgave_13/Opgave_13.jpg>
Package pdftex.def Info: Opgave_11-20/Opgave_13/Opgave_13.jpg  used on input line 4.
(pdftex.def)             Requested size: 284.52756pt x 158.63152pt.

Underfull \hbox (badness 10000) in paragraph at lines 3--7

 []


Underfull \hbox (badness 10000) in paragraph at lines 3--7

 []


Underfull \hbox (badness 10000) in paragraph at lines 3--7

 []


Underfull \hbox (badness 10000) in paragraph at lines 3--7

 []


Underfull \hbox (badness 10000) in paragraph at lines 3--7

 []


Underfull \hbox (badness 10000) in paragraph at lines 8--9

 []


Underfull \hbox (badness 10000) in paragraph at lines 8--9

 []

) [14 <./Opgave_11-20/Opgave_13/Opgave_13.jpg>] (Opgave_11-20/Opgave_14/Opgave_14.tex
<Opgave_11-20/Opgave_14/Opgave_14.jpg, id=212, 225.84375pt x 317.38576pt>
File: Opgave_11-20/Opgave_14/Opgave_14.jpg Graphic file (type jpg)
<use Opgave_11-20/Opgave_14/Opgave_14.jpg>
Package pdftex.def Info: Opgave_11-20/Opgave_14/Opgave_14.jpg  used on input line 4.
(pdftex.def)             Requested size: 199.16928pt x 279.91537pt.

Underfull \hbox (badness 10000) in paragraph at lines 3--6

 []


Underfull \hbox (badness 10000) in paragraph at lines 3--6

 []


Underfull \hbox (badness 10000) in paragraph at lines 3--6

 []


Underfull \hbox (badness 10000) in paragraph at lines 3--6

 []

) [15 <./Opgave_11-20/Opgave_14/Opgave_14.jpg>] (Opgave_11-20/Opgave_15/Opgave_15.tex
Underfull \hbox (badness 10000) in paragraph at lines 3--6

 []


Underfull \hbox (badness 10000) in paragraph at lines 3--6

 []


Underfull \hbox (badness 10000) in paragraph at lines 3--6

 []


Underfull \hbox (badness 10000) in paragraph at lines 3--6

 []

) [16] (Opgave_11-20/Opgave_16/Opgave_16.tex
Underfull \hbox (badness 10000) in paragraph at lines 7--9

 []

<Opgave_11-20/Opgave_16/16.jpg, id=223, 424.58624pt x 414.348pt>
File: Opgave_11-20/Opgave_16/16.jpg Graphic file (type jpg)
<use Opgave_11-20/Opgave_16/16.jpg>
Package pdftex.def Info: Opgave_11-20/Opgave_16/16.jpg  used on input line 16.
(pdftex.def)             Requested size: 227.62204pt x 222.13235pt.

Underfull \hbox (badness 10000) in paragraph at lines 14--17

 []


Underfull \hbox (badness 10000) in paragraph at lines 14--17

 []


Underfull \hbox (badness 10000) in paragraph at lines 14--17

 []

<Opgave_11-20/Opgave_16/16.1.jpg, id=224, 573.342pt x 485.4135pt>
File: Opgave_11-20/Opgave_16/16.1.jpg Graphic file (type jpg)
<use Opgave_11-20/Opgave_16/16.1.jpg>
Package pdftex.def Info: Opgave_11-20/Opgave_16/16.1.jpg  used on input line 23.
(pdftex.def)             Requested size: 227.62204pt x 192.71762pt.

Underfull \hbox (badness 10000) in paragraph at lines 21--24

 []


Underfull \hbox (badness 10000) in paragraph at lines 21--24

 []


Underfull \hbox (badness 10000) in paragraph at lines 21--24

 []

[17 <./Opgave_11-20/Opgave_16/16.jpg>]
Underfull \hbox (badness 10000) in paragraph at lines 25--26

 []


Underfull \hbox (badness 10000) in paragraph at lines 25--26

 []

[18 <./Opgave_11-20/Opgave_16/16.1.jpg>]) [19] (Opgave_11-20/Opgave_17/Opgave_17.tex
Underfull \hbox (badness 10000) in paragraph at lines 6--8

 []


Underfull \hbox (badness 10000) in paragraph at lines 6--8

 []

) [20] (Opgave_11-20/Opgave_18/Opgave_18.tex
Underfull \hbox (badness 10000) in paragraph at lines 3--4

 []


Underfull \hbox (badness 10000) in paragraph at lines 3--4

 []

) [21] (Opgave_11-20/Opgave_19/Opgave_19.tex
<Opgave_11-20/Opgave_19/19.jpg, id=250, 333.04425pt x 307.1475pt>
File: Opgave_11-20/Opgave_19/19.jpg Graphic file (type jpg)
<use Opgave_11-20/Opgave_19/19.jpg>
Package pdftex.def Info: Opgave_11-20/Opgave_19/19.jpg  used on input line 4.
(pdftex.def)             Requested size: 227.62204pt x 209.92609pt.

Underfull \hbox (badness 10000) in paragraph at lines 3--6

 []


Underfull \hbox (badness 10000) in paragraph at lines 3--6

 []


Underfull \hbox (badness 10000) in paragraph at lines 3--6

 []


Underfull \hbox (badness 10000) in paragraph at lines 3--6

 []

) (Opgave_11-20/Opgave_20/Opgave_20.tex [22 <./Opgave_11-20/Opgave_19/19.jpg>]
Underfull \hbox (badness 10000) in paragraph at lines 6--8

 []


Underfull \hbox (badness 10000) in paragraph at lines 6--8

 []

<Opgave_11-20/Opgave_20/20.jpg, id=256, 178.266pt x 280.04625pt>
File: Opgave_11-20/Opgave_20/20.jpg Graphic file (type jpg)
<use Opgave_11-20/Opgave_20/20.jpg>
Package pdftex.def Info: Opgave_11-20/Opgave_20/20.jpg  used on input line 11.
(pdftex.def)             Requested size: 170.71652pt x 268.2089pt.
)
Underfull \hbox (badness 10000) in paragraph at lines 10--85

 []

[23 <./Opgave_11-20/Opgave_20/20.jpg>] (Opgave_21-30/Opgave_21/Opgave_21.tex
Underfull \hbox (badness 10000) in paragraph at lines 6--8

 []


Underfull \hbox (badness 10000) in paragraph at lines 6--8

 []

) [24] (Opgave_21-30/Opgave_22/Opgave_22.tex
Underfull \hbox (badness 10000) in paragraph at lines 6--8

 []


Underfull \hbox (badness 10000) in paragraph at lines 6--8

 []

<Opgave_21-30/Opgave_22/22.jpg, id=268, 314.3745pt x 362.5545pt>
File: Opgave_21-30/Opgave_22/22.jpg Graphic file (type jpg)
<use Opgave_21-30/Opgave_22/22.jpg>
Package pdftex.def Info: Opgave_21-30/Opgave_22/22.jpg  used on input line 11.
(pdftex.def)             Requested size: 170.71652pt x 196.88847pt.
)
Underfull \hbox (badness 10000) in paragraph at lines 10--89

 []

[25 <./Opgave_21-30/Opgave_22/22.jpg>] (Opgave_21-30/Opgave_23/Opgave_23.tex
Underfull \hbox (badness 10000) in paragraph at lines 3--5

 []


Underfull \hbox (badness 10000) in paragraph at lines 3--5

 []


Underfull \hbox (badness 10000) in paragraph at lines 3--5

 []

<Opgave_21-30/Opgave_23/23.jpg, id=275, 280.04625pt x 241.50224pt>
File: Opgave_21-30/Opgave_23/23.jpg Graphic file (type jpg)
<use Opgave_21-30/Opgave_23/23.jpg>
Package pdftex.def Info: Opgave_21-30/Opgave_23/23.jpg  used on input line 16.
(pdftex.def)             Requested size: 170.71652pt x 147.22401pt.
)
Underfull \hbox (badness 10000) in paragraph at lines 14--91

 []

[26 <./Opgave_21-30/Opgave_23/23.jpg>] (Opgave_21-30/Opgave_24/Opgave_24.tex
<Opgave_21-30/Opgave_24/24.png, id=281, 358.33875pt x 218.0145pt>
File: Opgave_21-30/Opgave_24/24.png Graphic file (type png)
<use Opgave_21-30/Opgave_24/24.png>
Package pdftex.def Info: Opgave_21-30/Opgave_24/24.png  used on input line 5.
(pdftex.def)             Requested size: 242.10493pt x 147.29979pt.
<Opgave_21-30/Opgave_24/24.1.png, id=283, 549.85425pt x 305.34074pt>
File: Opgave_21-30/Opgave_24/24.1.png Graphic file (type png)
<use Opgave_21-30/Opgave_24/24.1.png>
Package pdftex.def Info: Opgave_21-30/Opgave_24/24.1.png  used on input line 13.
(pdftex.def)             Requested size: 242.10493pt x 134.44351pt.
<Opgave_21-30/Opgave_24/24.2.png, id=284, 545.03625pt x 127.677pt>
File: Opgave_21-30/Opgave_24/24.2.png Graphic file (type png)
<use Opgave_21-30/Opgave_24/24.2.png>
Package pdftex.def Info: Opgave_21-30/Opgave_24/24.2.png  used on input line 38.
(pdftex.def)             Requested size: 242.10493pt x 56.71379pt.
) 
AED: lastpage setting LastPage
[27 <./Opgave_21-30/Opgave_24/24.png> <./Opgave_21-30/Opgave_24/24.1.png>] [28 <./Opgave_21-30/Opgave_24/24.2.png>]
\tf@thm=\write5
\openout5 = `Mindstekravsopgaver.thm'.

Package atveryend Info: Empty hook `BeforeClearDocument' on input line 95.
Package atveryend Info: Empty hook `AfterLastShipout' on input line 95.
 (Mindstekravsopgaver.aux)
Package atveryend Info: Executing hook `AtVeryEndDocument' on input line 95.
Package atveryend Info: Executing hook `AtEndAfterFileList' on input line 95.
Package rerunfilecheck Info: File `Mindstekravsopgaver.out' has not changed.
(rerunfilecheck)             Checksum: 75DC1D4897C6FCACC2F4C328348232E6;1197.
 ) 
Here is how much of TeX's memory you used:
 8668 strings out of 481199
 140420 string characters out of 2913052
 406072 words of memory out of 3000000
 23924 multiletter control sequences out of 15000+200000
 540471 words of font info for 48 fonts, out of 3000000 for 9000
 1141 hyphenation exceptions out of 8191
 43i,14n,45p,896b,324s stack positions out of 5000i,500n,10000p,200000b,50000s
<C:/Users/45212/Desktop/Mitex/fonts/type1/public/amsfonts/cm/cmbx10.pfb><C:/Users/45212/Desktop/Mitex/fonts/type1/public/amsfonts/cm/cmbx12.pfb><C:/Users/45212/Desktop/Mitex/fonts/type1/public/amsfonts/cm/cmex10.pfb><C:/Users/45212/Desktop/Mitex/fonts/type1/public/amsfonts/cm/cmmi10.pfb><C:/Users/45212/Desktop/Mitex/fonts/type1/public/amsfonts/cm/cmmi7.pfb><C:/Users/45212/Desktop/Mitex/fonts/type1/public/amsfonts/cm/cmr10.pfb><C:/Users/45212/Desktop/Mitex/fonts/type1/public/amsfonts/cm/cmr12.pfb><C:/Users/45212/Desktop/Mitex/fonts/type1/public/amsfonts/cm/cmr17.pfb><C:/Users/45212/Desktop/Mitex/fonts/type1/public/amsfonts/cm/cmr7.pfb><C:/Users/45212/Desktop/Mitex/fonts/type1/public/amsfonts/cm/cmsy10.pfb><C:/Users/45212/Desktop/Mitex/fonts/type1/public/amsfonts/cm/cmsy7.pfb>
Output written on Mindstekravsopgaver.pdf (28 pages, 797172 bytes).
PDF statistics:
 352 PDF objects out of 1000 (max. 8388607)
 82 named destinations out of 1000 (max. 500000)
 258 words of extra memory for PDF output out of 10000 (max. 10000000)

